2023-05-17 16:21:10.164 INFO  (main) [] o.e.j.s.Server jetty-10.0.13; built: 2022-12-07T20:13:20.134Z; git: 1c2636ea05c0ca8de1ffd6ca7f3a98ac084c766d; jvm 17.0.7+8-LTS-224
2023-05-17 16:21:11.184 WARN  (main) [] o.e.j.u.DeprecationWarning Using @Deprecated Class org.eclipse.jetty.servlet.listener.ELContextCleaner
2023-05-17 16:21:11.223 INFO  (main) [] o.a.s.s.CoreContainerProvider Using logger factory org.apache.logging.slf4j.Log4jLoggerFactory
2023-05-17 16:21:11.229 INFO  (main) [] o.a.s.s.CoreContainerProvider  ___      _       Welcome to Apache Solr™ version 9.2.1
2023-05-17 16:21:11.229 INFO  (main) [] o.a.s.s.CoreContainerProvider / __| ___| |_ _   Starting in standalone mode on port 8983
2023-05-17 16:21:11.229 INFO  (main) [] o.a.s.s.CoreContainerProvider \__ \/ _ \ | '_|  Install dir: D:\PROYECTO SOLR\Solr\solr-9.2.1
2023-05-17 16:21:11.230 INFO  (main) [] o.a.s.s.CoreContainerProvider |___/\___/_|_|    Start time: 2023-05-17T16:21:11.230901800Z
2023-05-17 16:21:11.232 INFO  (main) [] o.a.s.s.CoreContainerProvider Solr started with "-XX:+CrashOnOutOfMemoryError" that will crash on any OutOfMemoryError exception. The cause of the OOME will be logged in the crash file at the following path: D:\PROYECTO SOLR\Solr\solr-9.2.1\server\logs\jvm_crash_75892.log
2023-05-17 16:21:11.240 INFO  (main) [] o.a.s.s.CoreContainerProvider Solr Home: D:\PROYECTO SOLR\Solr\solr-9.2.1\server\solr (source: system property: solr.solr.home)
2023-05-17 16:21:11.250 INFO  (main) [] o.a.s.c.SolrXmlConfig Loading solr.xml from D:\PROYECTO SOLR\Solr\solr-9.2.1\server\solr\solr.xml
2023-05-17 16:21:11.334 INFO  (main) [] o.a.s.c.SolrResourceLoader Added 1 libs to classloader, from paths: [/D:/PROYECTO%20SOLR/Solr/solr-9.2.1/lib]
2023-05-17 16:21:12.292 WARN  (main) [] o.a.s.u.StartupLoggingUtils Jetty request logging enabled. Will retain logs for last 3 days. See chapter "Configuring Logging" in reference guide for how to configure.
2023-05-17 16:21:12.293 WARN  (main) [] o.a.s.c.CoreContainer Not all security plugins configured!  authentication=disabled authorization=disabled.  Solr is only as secure as you make it. Consider configuring authentication/authorization before exposing Solr to users internal or external.  See https://s.apache.org/solrsecurity for more info
2023-05-17 16:21:12.469 INFO  (main) [] o.a.s.c.CorePropertiesLocator Found 0 core definitions underneath D:\PROYECTO SOLR\Solr\solr-9.2.1\server\solr
2023-05-17 16:21:12.818 INFO  (main) [] o.a.s.j.SolrRequestAuthorizer Creating a new SolrRequestAuthorizer
2023-05-17 16:21:14.441 INFO  (main) [] o.e.j.s.h.ContextHandler Started o.e.j.w.WebAppContext@31500940{solr-jetty-context.xml,/solr,file:///D:/PROYECTO%20SOLR/Solr/solr-9.2.1/server/solr-webapp/webapp/,AVAILABLE}{D:\PROYECTO SOLR\Solr\solr-9.2.1\server/solr-webapp/webapp}
2023-05-17 16:21:14.462 INFO  (main) [] o.e.j.s.RequestLogWriter Opened D:\PROYECTO SOLR\Solr\solr-9.2.1\server\logs\2023_05_17.request.log
2023-05-17 16:21:14.475 INFO  (main) [] o.e.j.s.AbstractConnector Started ServerConnector@2364305a{HTTP/1.1, (http/1.1, h2c)}{127.0.0.1:8983}
2023-05-17 16:21:14.476 INFO  (main) [] o.e.j.s.Server Started Server@30ea8c23{STARTING}[10.0.13,sto=0] @7431ms
2023-05-17 16:21:14.785 INFO  (qtp1260217713-25) [] o.a.s.s.HttpSolrCall [admin] webapp=null path=/admin/info/system params={wt=json} status=0 QTime=237
2023-05-17 16:22:04.249 INFO  (qtp1260217713-43) [] o.a.s.s.HttpSolrCall [admin] webapp=null path=/admin/cores params={indexInfo=false&wt=json&_=1684340524191} status=0 QTime=2
2023-05-17 16:22:04.432 INFO  (qtp1260217713-25) [] o.a.s.s.HttpSolrCall [admin] webapp=null path=/admin/info/system params={wt=json&_=1684340524191} status=0 QTime=185
2023-05-17 16:22:04.567 INFO  (qtp1260217713-21) [] o.a.s.s.HttpSolrCall [admin] webapp=null path=/admin/info/system params={wt=json&_=1684340524191} status=0 QTime=130
2023-05-17 16:22:17.430 INFO  (qtp1260217713-21) [] o.a.s.s.HttpSolrCall [admin] webapp=null path=/admin/cores params={indexInfo=false&wt=json&_=1684340524191} status=0 QTime=0
2023-05-17 16:22:17.614 INFO  (qtp1260217713-20) [] o.a.s.s.HttpSolrCall [admin] webapp=null path=/admin/info/system params={wt=json&_=1684340524191} status=0 QTime=184
2023-05-17 16:22:17.739 INFO  (qtp1260217713-27) [] o.a.s.s.HttpSolrCall [admin] webapp=null path=/admin/info/system params={wt=json&_=1684340524191} status=0 QTime=122
2023-05-17 16:22:17.745 INFO  (qtp1260217713-20) [] o.a.s.s.HttpSolrCall [admin] webapp=null path=/cluster/security/authorization params={wt=json&_=1684340537415} status=0 QTime=1
2023-05-17 16:22:23.015 INFO  (qtp1260217713-27) [] o.a.s.s.HttpSolrCall [admin] webapp=null path=/admin/cores params={indexInfo=false&wt=json&_=1684340524191} status=0 QTime=0
2023-05-17 16:22:23.182 INFO  (qtp1260217713-20) [] o.a.s.s.HttpSolrCall [admin] webapp=null path=/admin/info/system params={wt=json&_=1684340524191} status=0 QTime=162
2023-05-17 16:22:23.331 INFO  (qtp1260217713-27) [] o.a.s.s.HttpSolrCall [admin] webapp=null path=/admin/info/system params={wt=json&_=1684340524191} status=0 QTime=148
